Starting Resilience4j simulation with longer OPEN state and 40% failure rate...
[1] ✅ Simulating SUCCESS: orderId=1, productId=1
{"orderId":1,"status":"PLACED"}
Status: 200

---
📡 Circuit Breaker State:
{"circuitBreakers":{"orderVendorAPICB":{"failureRate":"-1.0%","slowCallRate":"-1.0%","failureRateThreshold":"30.0%","slowCallRateThreshold":"100.0%","bufferedCalls":8,"failedCalls":0,"slowCalls":0,"slowFailedCalls":0,"notPermittedCalls":0,"state":"CLOSED"}}}
========== SLEEPING (2 s) ==========

[2] ✅ Simulating SUCCESS: orderId=2, productId=2
{"orderId":2,"status":"PLACED"}
Status: 200

---
📡 Circuit Breaker State:
{"circuitBreakers":{"orderVendorAPICB":{"failureRate":"-1.0%","slowCallRate":"-1.0%","failureRateThreshold":"30.0%","slowCallRateThreshold":"100.0%","bufferedCalls":9,"failedCalls":0,"slowCalls":0,"slowFailedCalls":0,"notPermittedCalls":0,"state":"CLOSED"}}}
========== SLEEPING (2 s) ==========

[3] ✅ Simulating SUCCESS: orderId=3, productId=3
{"orderId":3,"status":"PLACED"}
Status: 200

---
📡 Circuit Breaker State:
{"circuitBreakers":{"orderVendorAPICB":{"failureRate":"0.0%","slowCallRate":"0.0%","failureRateThreshold":"30.0%","slowCallRateThreshold":"100.0%","bufferedCalls":10,"failedCalls":0,"slowCalls":0,"slowFailedCalls":0,"notPermittedCalls":0,"state":"CLOSED"}}}
========== SLEEPING (2 s) ==========

[4] ✅ Simulating SUCCESS: orderId=4, productId=4
{"orderId":4,"status":"PLACED"}
Status: 200

---
📡 Circuit Breaker State:
{"circuitBreakers":{"orderVendorAPICB":{"failureRate":"0.0%","slowCallRate":"0.0%","failureRateThreshold":"30.0%","slowCallRateThreshold":"100.0%","bufferedCalls":10,"failedCalls":0,"slowCalls":0,"slowFailedCalls":0,"notPermittedCalls":0,"state":"CLOSED"}}}
========== SLEEPING (2 s) ==========

[5] ✅ Simulating SUCCESS: orderId=5, productId=5
{"orderId":5,"status":"PLACED"}
Status: 200

---
📡 Circuit Breaker State:
{"circuitBreakers":{"orderVendorAPICB":{"failureRate":"0.0%","slowCallRate":"0.0%","failureRateThreshold":"30.0%","slowCallRateThreshold":"100.0%","bufferedCalls":10,"failedCalls":0,"slowCalls":0,"slowFailedCalls":0,"notPermittedCalls":0,"state":"CLOSED"}}}
========== SLEEPING (2 s) ==========

[6] ✅ Simulating SUCCESS: orderId=6, productId=6
{"orderId":6,"status":"PLACED"}
Status: 200

---
📡 Circuit Breaker State:
{"circuitBreakers":{"orderVendorAPICB":{"failureRate":"0.0%","slowCallRate":"0.0%","failureRateThreshold":"30.0%","slowCallRateThreshold":"100.0%","bufferedCalls":10,"failedCalls":0,"slowCalls":0,"slowFailedCalls":0,"notPermittedCalls":0,"state":"CLOSED"}}}
========== SLEEPING (2 s) ==========

[7] ✅ Simulating SUCCESS: orderId=7, productId=7
{"orderId":7,"status":"PLACED"}
Status: 200

---
📡 Circuit Breaker State:
{"circuitBreakers":{"orderVendorAPICB":{"failureRate":"0.0%","slowCallRate":"0.0%","failureRateThreshold":"30.0%","slowCallRateThreshold":"100.0%","bufferedCalls":10,"failedCalls":0,"slowCalls":0,"slowFailedCalls":0,"notPermittedCalls":0,"state":"CLOSED"}}}
========== SLEEPING (2 s) ==========

[8] ✅ Simulating SUCCESS: orderId=8, productId=8
{"orderId":8,"status":"PLACED"}
Status: 200

---
📡 Circuit Breaker State:
{"circuitBreakers":{"orderVendorAPICB":{"failureRate":"0.0%","slowCallRate":"0.0%","failureRateThreshold":"30.0%","slowCallRateThreshold":"100.0%","bufferedCalls":10,"failedCalls":0,"slowCalls":0,"slowFailedCalls":0,"notPermittedCalls":0,"state":"CLOSED"}}}
========== SLEEPING (2 s) ==========

[9] ✅ Simulating SUCCESS: orderId=9, productId=9
{"orderId":9,"status":"PLACED"}
Status: 200

---
📡 Circuit Breaker State:
{"circuitBreakers":{"orderVendorAPICB":{"failureRate":"0.0%","slowCallRate":"0.0%","failureRateThreshold":"30.0%","slowCallRateThreshold":"100.0%","bufferedCalls":10,"failedCalls":0,"slowCalls":0,"slowFailedCalls":0,"notPermittedCalls":0,"state":"CLOSED"}}}
========== SLEEPING (2 s) ==========

[10] ✅ Simulating SUCCESS: orderId=10, productId=10
{"orderId":10,"status":"PLACED"}
Status: 200

---
📡 Circuit Breaker State:
{"circuitBreakers":{"orderVendorAPICB":{"failureRate":"0.0%","slowCallRate":"0.0%","failureRateThreshold":"30.0%","slowCallRateThreshold":"100.0%","bufferedCalls":10,"failedCalls":0,"slowCalls":0,"slowFailedCalls":0,"notPermittedCalls":0,"state":"CLOSED"}}}
========== SLEEPING (2 s) ==========

[11] ✅ Simulating SUCCESS: orderId=11, productId=11
{"orderId":11,"status":"PLACED"}
Status: 200

---
📡 Circuit Breaker State:
{"circuitBreakers":{"orderVendorAPICB":{"failureRate":"0.0%","slowCallRate":"0.0%","failureRateThreshold":"30.0%","slowCallRateThreshold":"100.0%","bufferedCalls":10,"failedCalls":0,"slowCalls":0,"slowFailedCalls":0,"notPermittedCalls":0,"state":"CLOSED"}}}
========== SLEEPING (2 s) ==========

[12] ✅ Simulating SUCCESS: orderId=12, productId=12
{"orderId":12,"status":"PLACED"}
Status: 200

---
📡 Circuit Breaker State:
{"circuitBreakers":{"orderVendorAPICB":{"failureRate":"0.0%","slowCallRate":"0.0%","failureRateThreshold":"30.0%","slowCallRateThreshold":"100.0%","bufferedCalls":10,"failedCalls":0,"slowCalls":0,"slowFailedCalls":0,"notPermittedCalls":0,"state":"CLOSED"}}}
========== SLEEPING (2 s) ==========

[13] ✅ Simulating SUCCESS: orderId=13, productId=13
{"orderId":13,"status":"PLACED"}
Status: 200

---
📡 Circuit Breaker State:
{"circuitBreakers":{"orderVendorAPICB":{"failureRate":"0.0%","slowCallRate":"0.0%","failureRateThreshold":"30.0%","slowCallRateThreshold":"100.0%","bufferedCalls":10,"failedCalls":0,"slowCalls":0,"slowFailedCalls":0,"notPermittedCalls":0,"state":"CLOSED"}}}
========== SLEEPING (2 s) ==========

[14] ✅ Simulating SUCCESS: orderId=14, productId=14
{"orderId":14,"status":"PLACED"}
Status: 200

---
📡 Circuit Breaker State:
{"circuitBreakers":{"orderVendorAPICB":{"failureRate":"0.0%","slowCallRate":"0.0%","failureRateThreshold":"30.0%","slowCallRateThreshold":"100.0%","bufferedCalls":10,"failedCalls":0,"slowCalls":0,"slowFailedCalls":0,"notPermittedCalls":0,"state":"CLOSED"}}}
========== SLEEPING (2 s) ==========

[15] ❌ Simulating FAILURE: orderId=15, productId=15
{"orderId":15,"status":"PENDING"}
Status: 200

---
📡 Circuit Breaker State:
{"circuitBreakers":{"orderVendorAPICB":{"failureRate":"10.0%","slowCallRate":"0.0%","failureRateThreshold":"30.0%","slowCallRateThreshold":"100.0%","bufferedCalls":10,"failedCalls":1,"slowCalls":0,"slowFailedCalls":0,"notPermittedCalls":0,"state":"CLOSED"}}}
========== SLEEPING (2 s) ==========

[16] ❌ Simulating FAILURE: orderId=16, productId=16
{"orderId":16,"status":"PENDING"}
Status: 200

---
📡 Circuit Breaker State:
{"circuitBreakers":{"orderVendorAPICB":{"failureRate":"20.0%","slowCallRate":"0.0%","failureRateThreshold":"30.0%","slowCallRateThreshold":"100.0%","bufferedCalls":10,"failedCalls":2,"slowCalls":0,"slowFailedCalls":0,"notPermittedCalls":0,"state":"CLOSED"}}}
========== SLEEPING (2 s) ==========

[17] ❌ Simulating FAILURE: orderId=17, productId=17
{"orderId":17,"status":"PENDING"}
Status: 200

---
📡 Circuit Breaker State:
{"circuitBreakers":{"orderVendorAPICB":{"failureRate":"30.0%","slowCallRate":"0.0%","failureRateThreshold":"30.0%","slowCallRateThreshold":"100.0%","bufferedCalls":10,"failedCalls":3,"slowCalls":0,"slowFailedCalls":0,"notPermittedCalls":0,"state":"OPEN"}}}
========== SLEEPING (2 s) ==========

[18] ❌ Simulating FAILURE: orderId=18, productId=18
{"orderId":18,"status":"PENDING"}
Status: 200

---
📡 Circuit Breaker State:
{"circuitBreakers":{"orderVendorAPICB":{"failureRate":"-1.0%","slowCallRate":"-1.0%","failureRateThreshold":"30.0%","slowCallRateThreshold":"100.0%","bufferedCalls":1,"failedCalls":1,"slowCalls":0,"slowFailedCalls":0,"notPermittedCalls":0,"state":"HALF_OPEN"}}}
========== SLEEPING (2 s) ==========

[19] ❌ Simulating FAILURE: orderId=19, productId=19
{"orderId":19,"status":"PENDING"}
Status: 200

---
📡 Circuit Breaker State:
{"circuitBreakers":{"orderVendorAPICB":{"failureRate":"100.0%","slowCallRate":"0.0%","failureRateThreshold":"30.0%","slowCallRateThreshold":"100.0%","bufferedCalls":2,"failedCalls":2,"slowCalls":0,"slowFailedCalls":0,"notPermittedCalls":0,"state":"OPEN"}}}
========== SLEEPING (2 s) ==========

[20] ❌ Simulating FAILURE: orderId=20, productId=20
{"orderId":20,"status":"PENDING"}
Status: 200

---
📡 Circuit Breaker State:
{"circuitBreakers":{"orderVendorAPICB":{"failureRate":"-1.0%","slowCallRate":"-1.0%","failureRateThreshold":"30.0%","slowCallRateThreshold":"100.0%","bufferedCalls":1,"failedCalls":1,"slowCalls":0,"slowFailedCalls":0,"notPermittedCalls":0,"state":"HALF_OPEN"}}}
========== SLEEPING (2 s) ==========

[21] ✅ Simulating SUCCESS: orderId=21, productId=21
{"orderId":21,"status":"PLACED"}
Status: 200

---
📡 Circuit Breaker State:
{"circuitBreakers":{"orderVendorAPICB":{"failureRate":"50.0%","slowCallRate":"0.0%","failureRateThreshold":"30.0%","slowCallRateThreshold":"100.0%","bufferedCalls":2,"failedCalls":1,"slowCalls":0,"slowFailedCalls":0,"notPermittedCalls":0,"state":"OPEN"}}}
========== SLEEPING (2 s) ==========

[22] ✅ Simulating SUCCESS: orderId=22, productId=22
{"orderId":22,"status":"PLACED"}
Status: 200

---
📡 Circuit Breaker State:
{"circuitBreakers":{"orderVendorAPICB":{"failureRate":"-1.0%","slowCallRate":"-1.0%","failureRateThreshold":"30.0%","slowCallRateThreshold":"100.0%","bufferedCalls":1,"failedCalls":0,"slowCalls":0,"slowFailedCalls":0,"notPermittedCalls":0,"state":"HALF_OPEN"}}}
========== SLEEPING (2 s) ==========

[23] ✅ Simulating SUCCESS: orderId=23, productId=23
{"orderId":23,"status":"PLACED"}
Status: 200

---
📡 Circuit Breaker State:
{"circuitBreakers":{"orderVendorAPICB":{"failureRate":"-1.0%","slowCallRate":"-1.0%","failureRateThreshold":"30.0%","slowCallRateThreshold":"100.0%","bufferedCalls":0,"failedCalls":0,"slowCalls":0,"slowFailedCalls":0,"notPermittedCalls":0,"state":"CLOSED"}}}
========== SLEEPING (2 s) ==========

[24] ✅ Simulating SUCCESS: orderId=24, productId=24
{"orderId":24,"status":"PLACED"}
Status: 200

---
📡 Circuit Breaker State:
{"circuitBreakers":{"orderVendorAPICB":{"failureRate":"-1.0%","slowCallRate":"-1.0%","failureRateThreshold":"30.0%","slowCallRateThreshold":"100.0%","bufferedCalls":1,"failedCalls":0,"slowCalls":0,"slowFailedCalls":0,"notPermittedCalls":0,"state":"CLOSED"}}}
========== SLEEPING (2 s) ==========

[25] ✅ Simulating SUCCESS: orderId=25, productId=25
{"orderId":25,"status":"PLACED"}
Status: 200

---
📡 Circuit Breaker State:
{"circuitBreakers":{"orderVendorAPICB":{"failureRate":"-1.0%","slowCallRate":"-1.0%","failureRateThreshold":"30.0%","slowCallRateThreshold":"100.0%","bufferedCalls":2,"failedCalls":0,"slowCalls":0,"slowFailedCalls":0,"notPermittedCalls":0,"state":"CLOSED"}}}
========== SLEEPING (2 s) ==========

[26] ✅ Simulating SUCCESS: orderId=26, productId=26
{"orderId":26,"status":"PLACED"}
Status: 200

---
📡 Circuit Breaker State:
{"circuitBreakers":{"orderVendorAPICB":{"failureRate":"-1.0%","slowCallRate":"-1.0%","failureRateThreshold":"30.0%","slowCallRateThreshold":"100.0%","bufferedCalls":3,"failedCalls":0,"slowCalls":0,"slowFailedCalls":0,"notPermittedCalls":0,"state":"CLOSED"}}}
========== SLEEPING (2 s) ==========

[27] ✅ Simulating SUCCESS: orderId=27, productId=27
{"orderId":27,"status":"PLACED"}
Status: 200

---
📡 Circuit Breaker State:
{"circuitBreakers":{"orderVendorAPICB":{"failureRate":"-1.0%","slowCallRate":"-1.0%","failureRateThreshold":"30.0%","slowCallRateThreshold":"100.0%","bufferedCalls":4,"failedCalls":0,"slowCalls":0,"slowFailedCalls":0,"notPermittedCalls":0,"state":"CLOSED"}}}
========== SLEEPING (2 s) ==========

[28] ✅ Simulating SUCCESS: orderId=28, productId=28
{"orderId":28,"status":"PLACED"}
Status: 200

---
📡 Circuit Breaker State:
{"circuitBreakers":{"orderVendorAPICB":{"failureRate":"-1.0%","slowCallRate":"-1.0%","failureRateThreshold":"30.0%","slowCallRateThreshold":"100.0%","bufferedCalls":5,"failedCalls":0,"slowCalls":0,"slowFailedCalls":0,"notPermittedCalls":0,"state":"CLOSED"}}}
========== SLEEPING (2 s) ==========

[29] ✅ Simulating SUCCESS: orderId=29, productId=29
{"orderId":29,"status":"PLACED"}
Status: 200

---
📡 Circuit Breaker State:
{"circuitBreakers":{"orderVendorAPICB":{"failureRate":"-1.0%","slowCallRate":"-1.0%","failureRateThreshold":"30.0%","slowCallRateThreshold":"100.0%","bufferedCalls":6,"failedCalls":0,"slowCalls":0,"slowFailedCalls":0,"notPermittedCalls":0,"state":"CLOSED"}}}
========== SLEEPING (2 s) ==========

[30] ✅ Simulating SUCCESS: orderId=30, productId=30
{"orderId":30,"status":"PLACED"}
Status: 200

---
📡 Circuit Breaker State:
{"circuitBreakers":{"orderVendorAPICB":{"failureRate":"-1.0%","slowCallRate":"-1.0%","failureRateThreshold":"30.0%","slowCallRateThreshold":"100.0%","bufferedCalls":7,"failedCalls":0,"slowCalls":0,"slowFailedCalls":0,"notPermittedCalls":0,"state":"CLOSED"}}}
========== SLEEPING (2 s) ==========

Simulation complete.
